This is pdfTeX, Version 3.141592653-2.6-1.40.25 (TeX Live 2023/nixos.org) (preloaded format=pdflatex 1980.1.1)  14 OCT 2024 15:58
entering extended mode
 restricted \write18 enabled.
 %&-line parsing enabled.
**./main.tex
(./main.tex
LaTeX2e <2023-11-01> patch level 1
L3 programming layer <2024-02-20>

LaTeX Warning: \include should only be used after \begin{document} on input lin
e 1.

(../template.tex
(/nix/store/2ggpvybv6px1gf4kifrc9ssk1fv3qfwj-texlive-combined-2023-texmfdist/te
x/latex/base/article.cls
Document Class: article 2023/05/17 v1.4n Standard LaTeX document class

(/nix/store/2ggpvybv6px1gf4kifrc9ssk1fv3qfwj-texlive-combined-2023-texmfdist/te
x/latex/base/size12.clo
File: size12.clo 2023/05/17 v1.4n Standard LaTeX file (size option)
)
\c@part=\count188
\c@section=\count189
\c@subsection=\count190
\c@subsubsection=\count191
\c@paragraph=\count192
\c@subparagraph=\count193
\c@figure=\count194
\c@table=\count195
\abovecaptionskip=\skip48
\belowcaptionskip=\skip49
\bibindent=\dimen140
) (/home/ramak/projects/LaTeX-libraries/preamble.tex
(/home/ramak/projects/LaTeX-libraries/Text.tex
(/nix/store/2ggpvybv6px1gf4kifrc9ssk1fv3qfwj-texlive-combined-2023-texmfdist/te
x/latex/bookmark/bookmark.sty
Package: bookmark 2023-12-10 v1.31 PDF bookmarks (HO)

(/nix/store/2ggpvybv6px1gf4kifrc9ssk1fv3qfwj-texlive-combined-2023-texmfdist/te
x/latex/hyperref/hyperref.sty
Package: hyperref 2024-01-20 v7.01h Hypertext links for LaTeX

(/nix/store/2ggpvybv6px1gf4kifrc9ssk1fv3qfwj-texlive-combined-2023-texmfdist/te
x/generic/iftex/iftex.sty
Package: iftex 2022/02/03 v1.0f TeX engine tests
)
(/nix/store/2ggpvybv6px1gf4kifrc9ssk1fv3qfwj-texlive-combined-2023-texmfdist/te
x/latex/graphics/keyval.sty
Package: keyval 2022/05/29 v1.15 key=value parser (DPC)
\KV@toks@=\toks17
)
(/nix/store/2ggpvybv6px1gf4kifrc9ssk1fv3qfwj-texlive-combined-2023-texmfdist/te
x/latex/kvsetkeys/kvsetkeys.sty
Package: kvsetkeys 2022-10-05 v1.19 Key value parser (HO)
)
(/nix/store/2ggpvybv6px1gf4kifrc9ssk1fv3qfwj-texlive-combined-2023-texmfdist/te
x/generic/kvdefinekeys/kvdefinekeys.sty
Package: kvdefinekeys 2019-12-19 v1.6 Define keys (HO)
)
(/nix/store/2ggpvybv6px1gf4kifrc9ssk1fv3qfwj-texlive-combined-2023-texmfdist/te
x/generic/pdfescape/pdfescape.sty
Package: pdfescape 2019/12/09 v1.15 Implements pdfTeX's escape features (HO)

(/nix/store/2ggpvybv6px1gf4kifrc9ssk1fv3qfwj-texlive-combined-2023-texmfdist/te
x/generic/ltxcmds/ltxcmds.sty
Package: ltxcmds 2023-12-04 v1.26 LaTeX kernel commands for general use (HO)
)
(/nix/store/2ggpvybv6px1gf4kifrc9ssk1fv3qfwj-texlive-combined-2023-texmfdist/te
x/generic/pdftexcmds/pdftexcmds.sty
Package: pdftexcmds 2020-06-27 v0.33 Utility functions of pdfTeX for LuaTeX (HO
)

(/nix/store/2ggpvybv6px1gf4kifrc9ssk1fv3qfwj-texlive-combined-2023-texmfdist/te
x/generic/infwarerr/infwarerr.sty
Package: infwarerr 2019/12/03 v1.5 Providing info/warning/error messages (HO)
)
Package pdftexcmds Info: \pdf@primitive is available.
Package pdftexcmds Info: \pdf@ifprimitive is available.
Package pdftexcmds Info: \pdfdraftmode found.
))
(/nix/store/2ggpvybv6px1gf4kifrc9ssk1fv3qfwj-texlive-combined-2023-texmfdist/te
x/latex/hycolor/hycolor.sty
Package: hycolor 2020-01-27 v1.10 Color options for hyperref/bookmark (HO)
)
(/nix/store/2ggpvybv6px1gf4kifrc9ssk1fv3qfwj-texlive-combined-2023-texmfdist/te
x/latex/auxhook/auxhook.sty
Package: auxhook 2019-12-17 v1.6 Hooks for auxiliary files (HO)
)
(/nix/store/2ggpvybv6px1gf4kifrc9ssk1fv3qfwj-texlive-combined-2023-texmfdist/te
x/latex/hyperref/nameref.sty
Package: nameref 2023-11-26 v2.56 Cross-referencing by name of section

(/nix/store/2ggpvybv6px1gf4kifrc9ssk1fv3qfwj-texlive-combined-2023-texmfdist/te
x/latex/refcount/refcount.sty
Package: refcount 2019/12/15 v3.6 Data extraction from label references (HO)
)
(/nix/store/2ggpvybv6px1gf4kifrc9ssk1fv3qfwj-texlive-combined-2023-texmfdist/te
x/generic/gettitlestring/gettitlestring.sty
Package: gettitlestring 2019/12/15 v1.6 Cleanup title references (HO)

(/nix/store/2ggpvybv6px1gf4kifrc9ssk1fv3qfwj-texlive-combined-2023-texmfdist/te
x/latex/kvoptions/kvoptions.sty
Package: kvoptions 2022-06-15 v3.15 Key value format for package options (HO)
))
\c@section@level=\count196
)
(/nix/store/2ggpvybv6px1gf4kifrc9ssk1fv3qfwj-texlive-combined-2023-texmfdist/te
x/latex/etoolbox/etoolbox.sty
Package: etoolbox 2020/10/05 v2.5k e-TeX tools for LaTeX (JAW)
\etb@tempcnta=\count197
)
\@linkdim=\dimen141
\Hy@linkcounter=\count198
\Hy@pagecounter=\count199

(/nix/store/2ggpvybv6px1gf4kifrc9ssk1fv3qfwj-texlive-combined-2023-texmfdist/te
x/latex/hyperref/pd1enc.def
File: pd1enc.def 2024-01-20 v7.01h Hyperref: PDFDocEncoding definition (HO)
Now handling font encoding PD1 ...
... no UTF-8 mapping file for font encoding PD1
)
(/nix/store/2ggpvybv6px1gf4kifrc9ssk1fv3qfwj-texlive-combined-2023-texmfdist/te
x/generic/intcalc/intcalc.sty
Package: intcalc 2019/12/15 v1.3 Expandable calculations with integers (HO)
)
\Hy@SavedSpaceFactor=\count266

(/nix/store/2ggpvybv6px1gf4kifrc9ssk1fv3qfwj-texlive-combined-2023-texmfdist/te
x/latex/hyperref/puenc.def
File: puenc.def 2024-01-20 v7.01h Hyperref: PDF Unicode definition (HO)
Now handling font encoding PU ...
... no UTF-8 mapping file for font encoding PU
)
Package hyperref Info: Hyper figures OFF on input line 4179.
Package hyperref Info: Link nesting OFF on input line 4184.
Package hyperref Info: Hyper index ON on input line 4187.
Package hyperref Info: Plain pages OFF on input line 4194.
Package hyperref Info: Backreferencing OFF on input line 4199.
Package hyperref Info: Implicit mode ON; LaTeX internals redefined.
Package hyperref Info: Bookmarks ON on input line 4446.
\c@Hy@tempcnt=\count267

(/nix/store/2ggpvybv6px1gf4kifrc9ssk1fv3qfwj-texlive-combined-2023-texmfdist/te
x/latex/url/url.sty
\Urlmuskip=\muskip16
Package: url 2013/09/16  ver 3.4  Verb mode for urls, etc.
)
LaTeX Info: Redefining \url on input line 4784.
\XeTeXLinkMargin=\dimen142

(/nix/store/2ggpvybv6px1gf4kifrc9ssk1fv3qfwj-texlive-combined-2023-texmfdist/te
x/generic/bitset/bitset.sty
Package: bitset 2019/12/09 v1.3 Handle bit-vector datatype (HO)

(/nix/store/2ggpvybv6px1gf4kifrc9ssk1fv3qfwj-texlive-combined-2023-texmfdist/te
x/generic/bigintcalc/bigintcalc.sty
Package: bigintcalc 2019/12/15 v1.5 Expandable calculations on big integers (HO
)
))
\Fld@menulength=\count268
\Field@Width=\dimen143
\Fld@charsize=\dimen144
Package hyperref Info: Hyper figures OFF on input line 6063.
Package hyperref Info: Link nesting OFF on input line 6068.
Package hyperref Info: Hyper index ON on input line 6071.
Package hyperref Info: backreferencing OFF on input line 6078.
Package hyperref Info: Link coloring OFF on input line 6083.
Package hyperref Info: Link coloring with OCG OFF on input line 6088.
Package hyperref Info: PDF/A mode OFF on input line 6093.

(/nix/store/2ggpvybv6px1gf4kifrc9ssk1fv3qfwj-texlive-combined-2023-texmfdist/te
x/latex/base/atbegshi-ltx.sty
Package: atbegshi-ltx 2021/01/10 v1.0c Emulation of the original atbegshi
package with kernel methods
)
\Hy@abspage=\count269
\c@Item=\count270
\c@Hfootnote=\count271
)
Package hyperref Info: Driver (autodetected): hpdftex.

(/nix/store/2ggpvybv6px1gf4kifrc9ssk1fv3qfwj-texlive-combined-2023-texmfdist/te
x/latex/hyperref/hpdftex.def
File: hpdftex.def 2024-01-20 v7.01h Hyperref driver for pdfTeX

(/nix/store/2ggpvybv6px1gf4kifrc9ssk1fv3qfwj-texlive-combined-2023-texmfdist/te
x/latex/base/atveryend-ltx.sty
Package: atveryend-ltx 2020/08/19 v1.0a Emulation of the original atveryend pac
kage
with kernel methods
)
\Fld@listcount=\count272
\c@bookmark@seq@number=\count273

(/nix/store/2ggpvybv6px1gf4kifrc9ssk1fv3qfwj-texlive-combined-2023-texmfdist/te
x/latex/rerunfilecheck/rerunfilecheck.sty
Package: rerunfilecheck 2022-07-10 v1.10 Rerun checks for auxiliary files (HO)

(/nix/store/2ggpvybv6px1gf4kifrc9ssk1fv3qfwj-texlive-combined-2023-texmfdist/te
x/generic/uniquecounter/uniquecounter.sty
Package: uniquecounter 2019/12/15 v1.4 Provide unlimited unique counter (HO)
)
Package uniquecounter Info: New unique counter `rerunfilecheck' on input line 2
85.
)
\Hy@SectionHShift=\skip50
)
(/nix/store/2ggpvybv6px1gf4kifrc9ssk1fv3qfwj-texlive-combined-2023-texmfdist/te
x/latex/bookmark/bkm-pdftex.def
File: bkm-pdftex.def 2023-12-10 v1.31 bookmark driver for pdfTeX and luaTeX (HO
)
\BKM@id=\count274
))
(/nix/store/2ggpvybv6px1gf4kifrc9ssk1fv3qfwj-texlive-combined-2023-texmfdist/te
x/latex/lipsum/lipsum.sty
(/nix/store/2ggpvybv6px1gf4kifrc9ssk1fv3qfwj-texlive-combined-2023-texmfdist/te
x/latex/l3packages/l3keys2e/l3keys2e.sty
(/nix/store/2ggpvybv6px1gf4kifrc9ssk1fv3qfwj-texlive-combined-2023-texmfdist/te
x/latex/l3kernel/expl3.sty
Package: expl3 2024-02-20 L3 programming layer (loader) 

(/nix/store/2ggpvybv6px1gf4kifrc9ssk1fv3qfwj-texlive-combined-2023-texmfdist/te
x/latex/l3backend/l3backend-pdftex.def
File: l3backend-pdftex.def 2024-02-20 L3 backend support: PDF output (pdfTeX)
\l__color_backend_stack_int=\count275
\l__pdf_internal_box=\box51
))
Package: l3keys2e 2024-02-18 LaTeX2e option processing using LaTeX3 keys
)
Package: lipsum 2021-09-20 v2.7 150 paragraphs of Lorem Ipsum dummy text
\g__lipsum_par_int=\count276
\l__lipsum_a_int=\count277
\l__lipsum_b_int=\count278

(/nix/store/2ggpvybv6px1gf4kifrc9ssk1fv3qfwj-texlive-combined-2023-texmfdist/te
x/latex/lipsum/lipsum.ltd.tex))
(/nix/store/2ggpvybv6px1gf4kifrc9ssk1fv3qfwj-texlive-combined-2023-texmfdist/te
x/latex/footmisc/footmisc.sty
Package: footmisc 2023/07/05 v6.0f a miscellany of footnote facilities
\FN@temptoken=\toks18
\footnotemargin=\dimen145
\@outputbox@depth=\dimen146
Package footmisc Info: Declaring symbol style bringhurst on input line 696.
Package footmisc Info: Declaring symbol style chicago on input line 704.
Package footmisc Info: Declaring symbol style wiley on input line 713.
Package footmisc Info: Declaring symbol style lamport-robust on input line 724.

Package footmisc Info: Declaring symbol style lamport* on input line 744.
Package footmisc Info: Declaring symbol style lamport*-robust on input line 765
.
)
(/nix/store/2ggpvybv6px1gf4kifrc9ssk1fv3qfwj-texlive-combined-2023-texmfdist/te
x/latex/tools/calc.sty
Package: calc 2023/07/08 v4.3 Infix arithmetic (KKT,FJ)
\calc@Acount=\count279
\calc@Bcount=\count280
\calc@Adimen=\dimen147
\calc@Bdimen=\dimen148
\calc@Askip=\skip51
\calc@Bskip=\skip52
LaTeX Info: Redefining \setlength on input line 80.
LaTeX Info: Redefining \addtolength on input line 81.
\calc@Ccount=\count281
\calc@Cskip=\skip53
)
(/nix/store/2ggpvybv6px1gf4kifrc9ssk1fv3qfwj-texlive-combined-2023-texmfdist/te
x/latex/base/textcomp.sty
Package: textcomp 2020/02/02 v2.0n Standard LaTeX package
)
(/nix/store/2ggpvybv6px1gf4kifrc9ssk1fv3qfwj-texlive-combined-2023-texmfdist/te
x/latex/pdfpages/pdfpages.sty
Package: pdfpages 2024/01/21 v0.5y Insert pages of external PDF documents (AM)

(/nix/store/2ggpvybv6px1gf4kifrc9ssk1fv3qfwj-texlive-combined-2023-texmfdist/te
x/latex/base/ifthen.sty
Package: ifthen 2022/04/13 v1.1d Standard LaTeX ifthen package (DPC)
)
(/nix/store/2ggpvybv6px1gf4kifrc9ssk1fv3qfwj-texlive-combined-2023-texmfdist/te
x/latex/eso-pic/eso-pic.sty
Package: eso-pic 2023/05/03 v3.0c eso-pic (RN)
\ESO@tempdima=\dimen149
\ESO@tempdimb=\dimen150

(/nix/store/2ggpvybv6px1gf4kifrc9ssk1fv3qfwj-texlive-combined-2023-texmfdist/te
x/latex/xcolor/xcolor.sty
Package: xcolor 2023/11/15 v3.01 LaTeX color extensions (UK)

(/nix/store/2ggpvybv6px1gf4kifrc9ssk1fv3qfwj-texlive-combined-2023-texmfdist/te
x/latex/graphics-cfg/color.cfg
File: color.cfg 2016/01/02 v1.6 sample color configuration
)
Package xcolor Info: Driver file: pdftex.def on input line 274.

(/nix/store/2ggpvybv6px1gf4kifrc9ssk1fv3qfwj-texlive-combined-2023-texmfdist/te
x/latex/graphics-def/pdftex.def
File: pdftex.def 2022/09/22 v1.2b Graphics/color driver for pdftex
)
(/nix/store/2ggpvybv6px1gf4kifrc9ssk1fv3qfwj-texlive-combined-2023-texmfdist/te
x/latex/graphics/mathcolor.ltx)
Package xcolor Info: Model `cmy' substituted by `cmy0' on input line 1350.
Package xcolor Info: Model `hsb' substituted by `rgb' on input line 1354.
Package xcolor Info: Model `RGB' extended on input line 1366.
Package xcolor Info: Model `HTML' substituted by `rgb' on input line 1368.
Package xcolor Info: Model `Hsb' substituted by `hsb' on input line 1369.
Package xcolor Info: Model `tHsb' substituted by `hsb' on input line 1370.
Package xcolor Info: Model `HSB' substituted by `hsb' on input line 1371.
Package xcolor Info: Model `Gray' substituted by `gray' on input line 1372.
Package xcolor Info: Model `wave' substituted by `hsb' on input line 1373.
))
(/nix/store/2ggpvybv6px1gf4kifrc9ssk1fv3qfwj-texlive-combined-2023-texmfdist/te
x/latex/graphics/graphicx.sty
Package: graphicx 2021/09/16 v1.2d Enhanced LaTeX Graphics (DPC,SPQR)

(/nix/store/2ggpvybv6px1gf4kifrc9ssk1fv3qfwj-texlive-combined-2023-texmfdist/te
x/latex/graphics/graphics.sty
Package: graphics 2022/03/10 v1.4e Standard LaTeX Graphics (DPC,SPQR)

(/nix/store/2ggpvybv6px1gf4kifrc9ssk1fv3qfwj-texlive-combined-2023-texmfdist/te
x/latex/graphics/trig.sty
Package: trig 2021/08/11 v1.11 sin cos tan (DPC)
)
(/nix/store/2ggpvybv6px1gf4kifrc9ssk1fv3qfwj-texlive-combined-2023-texmfdist/te
x/latex/graphics-cfg/graphics.cfg
File: graphics.cfg 2016/06/04 v1.11 sample graphics configuration
)
Package graphics Info: Driver file: pdftex.def on input line 107.
)
\Gin@req@height=\dimen151
\Gin@req@width=\dimen152
)
\AM@pagewidth=\dimen153
\AM@pageheight=\dimen154
\AM@fboxrule=\dimen155

(/nix/store/2ggpvybv6px1gf4kifrc9ssk1fv3qfwj-texlive-combined-2023-texmfdist/te
x/latex/pdfpages/pppdftex.def
File: pppdftex.def 2024/01/21 v0.5y Pdfpages driver for pdfTeX (AM)
)
\pdfpages@includegraphics@status=\count282
\AM@pagebox=\box52
\AM@global@opts=\toks19
\AM@pagecnt=\count283
\AM@toc@title=\toks20
\AM@lof@heading=\toks21
\c@AM@survey=\count284
\AM@templatesizebox=\box53
)
(/nix/store/2ggpvybv6px1gf4kifrc9ssk1fv3qfwj-texlive-combined-2023-texmfdist/te
x/generic/soul/soul.sty
Package: soul 2023-06-14 v3.1 Permit use of UTF-8 characters in soul (HO)

(/nix/store/2ggpvybv6px1gf4kifrc9ssk1fv3qfwj-texlive-combined-2023-texmfdist/te
x/generic/soul/soul-ori.sty
Package: soul-ori 2023-06-14 v3.1 letterspacing/underlining (mf)
\SOUL@word=\toks22
\SOUL@lasttoken=\toks23
\SOUL@syllable=\toks24
\SOUL@cmds=\toks25
\SOUL@buffer=\toks26
\SOUL@token=\toks27
\SOUL@syllgoal=\dimen156
\SOUL@syllwidth=\dimen157
\SOUL@charkern=\dimen158
\SOUL@hyphkern=\dimen159
\SOUL@dimen=\dimen160
\SOUL@dimeni=\dimen161
\SOUL@minus=\count285
\SOUL@comma=\count286
\SOUL@apo=\count287
\SOUL@grave=\count288
\SOUL@spaceskip=\skip54
\SOUL@ttwidth=\dimen162
\SOUL@uldp=\dimen163
\SOUL@ulht=\dimen164
)
(/nix/store/2ggpvybv6px1gf4kifrc9ssk1fv3qfwj-texlive-combined-2023-texmfdist/te
x/generic/etexcmds/etexcmds.sty
Package: etexcmds 2019/12/15 v1.7 Avoid name clashes with e-TeX commands (HO)
))
(/nix/store/2ggpvybv6px1gf4kifrc9ssk1fv3qfwj-texlive-combined-2023-texmfdist/te
x/latex/cite/cite.sty
LaTeX Info: Redefining \cite on input line 302.
LaTeX Info: Redefining \nocite on input line 332.
Package: cite 2015/02/27  v 5.5
)
(/nix/store/2ggpvybv6px1gf4kifrc9ssk1fv3qfwj-texlive-combined-2023-texmfdist/te
x/latex/titlesec/titlesec.sty
Package: titlesec 2023/10/27 v2.16 Sectioning titles
\ttl@box=\box54
\beforetitleunit=\skip55
\aftertitleunit=\skip56
\ttl@plus=\dimen165
\ttl@minus=\dimen166
\ttl@toksa=\toks28
\titlewidth=\dimen167
\titlewidthlast=\dimen168
\titlewidthfirst=\dimen169
)
(/nix/store/2ggpvybv6px1gf4kifrc9ssk1fv3qfwj-texlive-combined-2023-texmfdist/te
x/latex/subfiles/subfiles.sty
Package: subfiles 2020/11/14 v2.2 Multi-file projects (package)

(/nix/store/2ggpvybv6px1gf4kifrc9ssk1fv3qfwj-texlive-combined-2023-texmfdist/te
x/latex/import/import.sty
Package: import 2020/04/01  v 6.2
))
(/nix/store/2ggpvybv6px1gf4kifrc9ssk1fv3qfwj-texlive-combined-2023-texmfdist/te
x/latex/geometry/geometry.sty
Package: geometry 2020/01/02 v5.9 Page Geometry

(/nix/store/2ggpvybv6px1gf4kifrc9ssk1fv3qfwj-texlive-combined-2023-texmfdist/te
x/generic/iftex/ifvtex.sty
Package: ifvtex 2019/10/25 v1.7 ifvtex legacy package. Use iftex instead.
)
\Gm@cnth=\count289
\Gm@cntv=\count290
\c@Gm@tempcnt=\count291
\Gm@bindingoffset=\dimen170
\Gm@wd@mp=\dimen171
\Gm@odd@mp=\dimen172
\Gm@even@mp=\dimen173
\Gm@layoutwidth=\dimen174
\Gm@layoutheight=\dimen175
\Gm@layouthoffset=\dimen176
\Gm@layoutvoffset=\dimen177
\Gm@dimlist=\toks29
)
Package hyperref Info: Option `colorlinks' set `true' on input line 20.
) (/home/ramak/projects/LaTeX-libraries/Math.tex
(/nix/store/2ggpvybv6px1gf4kifrc9ssk1fv3qfwj-texlive-combined-2023-texmfdist/te
x/latex/amsmath/amsmath.sty
Package: amsmath 2023/05/13 v2.17o AMS math features
\@mathmargin=\skip57

For additional information on amsmath, use the `?' option.

(/nix/store/2ggpvybv6px1gf4kifrc9ssk1fv3qfwj-texlive-combined-2023-texmfdist/te
x/latex/amsmath/amstext.sty
Package: amstext 2021/08/26 v2.01 AMS text

(/nix/store/2ggpvybv6px1gf4kifrc9ssk1fv3qfwj-texlive-combined-2023-texmfdist/te
x/latex/amsmath/amsgen.sty
File: amsgen.sty 1999/11/30 v2.0 generic functions
\@emptytoks=\toks30
\ex@=\dimen178
))
(/nix/store/2ggpvybv6px1gf4kifrc9ssk1fv3qfwj-texlive-combined-2023-texmfdist/te
x/latex/amsmath/amsbsy.sty
Package: amsbsy 1999/11/29 v1.2d Bold Symbols
\pmbraise@=\dimen179
)
(/nix/store/2ggpvybv6px1gf4kifrc9ssk1fv3qfwj-texlive-combined-2023-texmfdist/te
x/latex/amsmath/amsopn.sty
Package: amsopn 2022/04/08 v2.04 operator names
)
\inf@bad=\count292
LaTeX Info: Redefining \frac on input line 234.
\uproot@=\count293
\leftroot@=\count294
LaTeX Info: Redefining \overline on input line 399.
LaTeX Info: Redefining \colon on input line 410.
\classnum@=\count295
\DOTSCASE@=\count296
LaTeX Info: Redefining \ldots on input line 496.
LaTeX Info: Redefining \dots on input line 499.
LaTeX Info: Redefining \cdots on input line 620.
\Mathstrutbox@=\box55
\strutbox@=\box56
LaTeX Info: Redefining \big on input line 722.
LaTeX Info: Redefining \Big on input line 723.
LaTeX Info: Redefining \bigg on input line 724.
LaTeX Info: Redefining \Bigg on input line 725.
\big@size=\dimen180
LaTeX Font Info:    Redeclaring font encoding OML on input line 743.
LaTeX Font Info:    Redeclaring font encoding OMS on input line 744.
\macc@depth=\count297
LaTeX Info: Redefining \bmod on input line 905.
LaTeX Info: Redefining \pmod on input line 910.
LaTeX Info: Redefining \smash on input line 940.
LaTeX Info: Redefining \relbar on input line 970.
LaTeX Info: Redefining \Relbar on input line 971.
\c@MaxMatrixCols=\count298
\dotsspace@=\muskip17
\c@parentequation=\count299
\dspbrk@lvl=\count300
\tag@help=\toks31
\row@=\count301
\column@=\count302
\maxfields@=\count303
\andhelp@=\toks32
\eqnshift@=\dimen181
\alignsep@=\dimen182
\tagshift@=\dimen183
\tagwidth@=\dimen184
\totwidth@=\dimen185
\lineht@=\dimen186
\@envbody=\toks33
\multlinegap=\skip58
\multlinetaggap=\skip59
\mathdisplay@stack=\toks34
LaTeX Info: Redefining \[ on input line 2953.
LaTeX Info: Redefining \] on input line 2954.
)
(/nix/store/2ggpvybv6px1gf4kifrc9ssk1fv3qfwj-texlive-combined-2023-texmfdist/te
x/latex/amscls/amsthm.sty
Package: amsthm 2020/05/29 v2.20.6
\thm@style=\toks35
\thm@bodyfont=\toks36
\thm@headfont=\toks37
\thm@notefont=\toks38
\thm@headpunct=\toks39
\thm@preskip=\skip60
\thm@postskip=\skip61
\thm@headsep=\skip62
\dth@everypar=\toks40
)
(/nix/store/2ggpvybv6px1gf4kifrc9ssk1fv3qfwj-texlive-combined-2023-texmfdist/te
x/latex/amsfonts/amssymb.sty
Package: amssymb 2013/01/14 v3.01 AMS font symbols

(/nix/store/2ggpvybv6px1gf4kifrc9ssk1fv3qfwj-texlive-combined-2023-texmfdist/te
x/latex/amsfonts/amsfonts.sty
Package: amsfonts 2013/01/14 v3.01 Basic AMSFonts support
\symAMSa=\mathgroup4
\symAMSb=\mathgroup5
LaTeX Font Info:    Redeclaring math symbol \hbar on input line 98.
LaTeX Font Info:    Overwriting math alphabet `\mathfrak' in version `bold'
(Font)                  U/euf/m/n --> U/euf/b/n on input line 106.
))
(/nix/store/2ggpvybv6px1gf4kifrc9ssk1fv3qfwj-texlive-combined-2023-texmfdist/te
x/latex/amsfonts/euscript.sty
Package: euscript 2009/06/22 v3.00 Euler Script fonts
LaTeX Font Info:    Overwriting math alphabet `\EuScript' in version `bold'
(Font)                  U/eus/m/n --> U/eus/b/n on input line 33.
)
(/nix/store/2ggpvybv6px1gf4kifrc9ssk1fv3qfwj-texlive-combined-2023-texmfdist/te
x/latex/mnsymbol/MnSymbol.sty
Package: MnSymbol 2007/01/21 v1.4 support for the MnSymbol font
LaTeX Info: Redefining \dagger on input line 84.
LaTeX Info: Redefining \ddagger on input line 84.
LaTeX Info: Redefining \mathparagraph on input line 84.
LaTeX Info: Redefining \mathsection on input line 84.
LaTeX Info: Redefining \mathdollar on input line 84.
LaTeX Info: Redefining \mathsterling on input line 84.
LaTeX Info: Redefining \yen on input line 84.
LaTeX Info: Redefining \circledR on input line 84.
LaTeX Info: Redefining \circledS on input line 84.
LaTeX Info: Redefining \Re on input line 84.
LaTeX Info: Redefining \Im on input line 84.
LaTeX Info: Redefining \dotplus on input line 84.
LaTeX Info: Redefining \thicksim on input line 84.
LaTeX Info: Redefining \thickapprox on input line 84.
LaTeX Info: Redefining \veebar on input line 84.
LaTeX Info: Redefining \barwedge on input line 84.
LaTeX Info: Redefining \doublebarwedge on input line 84.
LaTeX Info: Redefining \centerdot on input line 84.
LaTeX Info: Redefining \divideontimes on input line 84.
\symMnSyA=\mathgroup6
\symMnSyB=\mathgroup7
\symMnSyC=\mathgroup8
\symMnSyD=\mathgroup9
LaTeX Font Info:    Redeclaring symbol font `largesymbols' on input line 119.
LaTeX Font Info:    Overwriting symbol font `largesymbols' in version `normal'
(Font)                  OMX/cmex/m/n --> OMX/MnSymbolE/m/n on input line 119.
LaTeX Font Info:    Overwriting symbol font `largesymbols' in version `bold'
(Font)                  OMX/cmex/m/n --> OMX/MnSymbolE/m/n on input line 119.
LaTeX Font Info:    Redeclaring symbol font `symbols' on input line 120.
LaTeX Font Info:    Encoding `OMS' has changed to `U' for symbol font
(Font)              `symbols' in the math version `normal' on input line 120.
LaTeX Font Info:    Overwriting symbol font `symbols' in version `normal'
(Font)                  OMS/cmsy/m/n --> U/MnSymbolF/m/n on input line 120.
LaTeX Font Info:    Encoding `OMS' has changed to `U' for symbol font
(Font)              `symbols' in the math version `bold' on input line 120.
LaTeX Font Info:    Overwriting symbol font `symbols' in version `bold'
(Font)                  OMS/cmsy/b/n --> U/MnSymbolF/m/n on input line 120.
LaTeX Font Info:    Overwriting symbol font `MnSyA' in version `bold'
(Font)                  U/MnSymbolA/m/n --> U/MnSymbolA/b/n on input line 121.
LaTeX Font Info:    Overwriting symbol font `MnSyB' in version `bold'
(Font)                  U/MnSymbolB/m/n --> U/MnSymbolB/b/n on input line 122.
LaTeX Font Info:    Overwriting symbol font `MnSyC' in version `bold'
(Font)                  U/MnSymbolC/m/n --> U/MnSymbolC/b/n on input line 123.
LaTeX Font Info:    Overwriting symbol font `MnSyD' in version `bold'
(Font)                  U/MnSymbolD/m/n --> U/MnSymbolD/b/n on input line 124.
LaTeX Font Info:    Overwriting symbol font `largesymbols' in version `bold'
(Font)                  OMX/MnSymbolE/m/n --> OMX/MnSymbolE/b/n on input line 1
25.
LaTeX Font Info:    Overwriting symbol font `symbols' in version `bold'
(Font)                  U/MnSymbolF/m/n --> U/MnSymbolF/b/n on input line 126.
LaTeX Font Info:    Redeclaring math alphabet \mathcal on input line 241.
LaTeX Font Info:    Overwriting math alphabet `\mathcal' in version `bold'
(Font)                  OMS/MnSymbolS/m/n --> OMS/MnSymbolS/b/n on input line 2
41.
LaTeX Info: Redefining \longrightarrow on input line 548.
LaTeX Info: Redefining \longleftarrow on input line 549.
LaTeX Info: Redefining \longleftrightarrow on input line 550.
LaTeX Info: Redefining \Longrightarrow on input line 551.
LaTeX Info: Redefining \Longleftarrow on input line 552.
LaTeX Info: Redefining \Longleftrightarrow on input line 553.
LaTeX Info: Redefining \longmapsto on input line 554.
LaTeX Info: Redefining \vdots on input line 868.
LaTeX Font Info:    Redeclaring math symbol \braceld on input line 1721.
LaTeX Font Info:    Redeclaring math symbol \bracelu on input line 1722.
LaTeX Font Info:    Redeclaring math symbol \bracerd on input line 1723.
LaTeX Font Info:    Redeclaring math symbol \braceru on input line 1724.
LaTeX Info: Redefining \downbracefill on input line 1799.
LaTeX Info: Redefining \upbracefill on input line 1800.
LaTeX Info: Redefining \overbrace on input line 1819.
LaTeX Info: Redefining \underbrace on input line 1820.
LaTeX Info: Redefining \surd on input line 1843.
LaTeX Font Info:    Redeclaring math accent \widehat on input line 1845.
LaTeX Font Info:    Redeclaring math accent \widetilde on input line 1846.
LaTeX Font Info:    Redeclaring math accent \vec on input line 1848.
)
(/nix/store/2ggpvybv6px1gf4kifrc9ssk1fv3qfwj-texlive-combined-2023-texmfdist/te
x/latex/jknapltx/mathrsfs.sty
Package: mathrsfs 1996/01/01 Math RSFS package v1.0 (jk)
\symrsfs=\mathgroup10
))
(/home/ramak/projects/LaTeX-libraries/Graphics.tex
(/nix/store/2ggpvybv6px1gf4kifrc9ssk1fv3qfwj-texlive-combined-2023-texmfdist/te
x/latex/pgf/frontendlayer/tikz.sty
(/nix/store/2ggpvybv6px1gf4kifrc9ssk1fv3qfwj-texlive-combined-2023-texmfdist/te
x/latex/pgf/basiclayer/pgf.sty
(/nix/store/2ggpvybv6px1gf4kifrc9ssk1fv3qfwj-texlive-combined-2023-texmfdist/te
x/latex/pgf/utilities/pgfrcs.sty
(/nix/store/2ggpvybv6px1gf4kifrc9ssk1fv3qfwj-texlive-combined-2023-texmfdist/te
x/generic/pgf/utilities/pgfutil-common.tex
\pgfutil@everybye=\toks41
\pgfutil@tempdima=\dimen187
\pgfutil@tempdimb=\dimen188
)
(/nix/store/2ggpvybv6px1gf4kifrc9ssk1fv3qfwj-texlive-combined-2023-texmfdist/te
x/generic/pgf/utilities/pgfutil-latex.def
\pgfutil@abb=\box57
)
(/nix/store/2ggpvybv6px1gf4kifrc9ssk1fv3qfwj-texlive-combined-2023-texmfdist/te
x/generic/pgf/utilities/pgfrcs.code.tex
(/nix/store/2ggpvybv6px1gf4kifrc9ssk1fv3qfwj-texlive-combined-2023-texmfdist/te
x/generic/pgf/pgf.revision.tex)
Package: pgfrcs 2023-01-15 v3.1.10 (3.1.10)
))
Package: pgf 2023-01-15 v3.1.10 (3.1.10)

(/nix/store/2ggpvybv6px1gf4kifrc9ssk1fv3qfwj-texlive-combined-2023-texmfdist/te
x/latex/pgf/basiclayer/pgfcore.sty
(/nix/store/2ggpvybv6px1gf4kifrc9ssk1fv3qfwj-texlive-combined-2023-texmfdist/te
x/latex/pgf/systemlayer/pgfsys.sty
(/nix/store/2ggpvybv6px1gf4kifrc9ssk1fv3qfwj-texlive-combined-2023-texmfdist/te
x/generic/pgf/systemlayer/pgfsys.code.tex
Package: pgfsys 2023-01-15 v3.1.10 (3.1.10)

(/nix/store/2ggpvybv6px1gf4kifrc9ssk1fv3qfwj-texlive-combined-2023-texmfdist/te
x/generic/pgf/utilities/pgfkeys.code.tex
\pgfkeys@pathtoks=\toks42
\pgfkeys@temptoks=\toks43

(/nix/store/2ggpvybv6px1gf4kifrc9ssk1fv3qfwj-texlive-combined-2023-texmfdist/te
x/generic/pgf/utilities/pgfkeyslibraryfiltered.code.tex
\pgfkeys@tmptoks=\toks44
))
\pgf@x=\dimen189
\pgf@y=\dimen190
\pgf@xa=\dimen191
\pgf@ya=\dimen192
\pgf@xb=\dimen193
\pgf@yb=\dimen194
\pgf@xc=\dimen195
\pgf@yc=\dimen196
\pgf@xd=\dimen197
\pgf@yd=\dimen198
\w@pgf@writea=\write3
\r@pgf@reada=\read2
\c@pgf@counta=\count304
\c@pgf@countb=\count305
\c@pgf@countc=\count306
\c@pgf@countd=\count307
\t@pgf@toka=\toks45
\t@pgf@tokb=\toks46
\t@pgf@tokc=\toks47
\pgf@sys@id@count=\count308

(/nix/store/2ggpvybv6px1gf4kifrc9ssk1fv3qfwj-texlive-combined-2023-texmfdist/te
x/generic/pgf/systemlayer/pgf.cfg
File: pgf.cfg 2023-01-15 v3.1.10 (3.1.10)
)
Driver file for pgf: pgfsys-pdftex.def

(/nix/store/2ggpvybv6px1gf4kifrc9ssk1fv3qfwj-texlive-combined-2023-texmfdist/te
x/generic/pgf/systemlayer/pgfsys-pdftex.def
File: pgfsys-pdftex.def 2023-01-15 v3.1.10 (3.1.10)

(/nix/store/2ggpvybv6px1gf4kifrc9ssk1fv3qfwj-texlive-combined-2023-texmfdist/te
x/generic/pgf/systemlayer/pgfsys-common-pdf.def
File: pgfsys-common-pdf.def 2023-01-15 v3.1.10 (3.1.10)
)))
(/nix/store/2ggpvybv6px1gf4kifrc9ssk1fv3qfwj-texlive-combined-2023-texmfdist/te
x/generic/pgf/systemlayer/pgfsyssoftpath.code.tex
File: pgfsyssoftpath.code.tex 2023-01-15 v3.1.10 (3.1.10)
\pgfsyssoftpath@smallbuffer@items=\count309
\pgfsyssoftpath@bigbuffer@items=\count310
)
(/nix/store/2ggpvybv6px1gf4kifrc9ssk1fv3qfwj-texlive-combined-2023-texmfdist/te
x/generic/pgf/systemlayer/pgfsysprotocol.code.tex
File: pgfsysprotocol.code.tex 2023-01-15 v3.1.10 (3.1.10)
))
(/nix/store/2ggpvybv6px1gf4kifrc9ssk1fv3qfwj-texlive-combined-2023-texmfdist/te
x/generic/pgf/basiclayer/pgfcore.code.tex
Package: pgfcore 2023-01-15 v3.1.10 (3.1.10)

(/nix/store/2ggpvybv6px1gf4kifrc9ssk1fv3qfwj-texlive-combined-2023-texmfdist/te
x/generic/pgf/math/pgfmath.code.tex
(/nix/store/2ggpvybv6px1gf4kifrc9ssk1fv3qfwj-texlive-combined-2023-texmfdist/te
x/generic/pgf/math/pgfmathutil.code.tex)
(/nix/store/2ggpvybv6px1gf4kifrc9ssk1fv3qfwj-texlive-combined-2023-texmfdist/te
x/generic/pgf/math/pgfmathparser.code.tex
\pgfmath@dimen=\dimen199
\pgfmath@count=\count311
\pgfmath@box=\box58
\pgfmath@toks=\toks48
\pgfmath@stack@operand=\toks49
\pgfmath@stack@operation=\toks50
)
(/nix/store/2ggpvybv6px1gf4kifrc9ssk1fv3qfwj-texlive-combined-2023-texmfdist/te
x/generic/pgf/math/pgfmathfunctions.code.tex)
(/nix/store/2ggpvybv6px1gf4kifrc9ssk1fv3qfwj-texlive-combined-2023-texmfdist/te
x/generic/pgf/math/pgfmathfunctions.basic.code.tex)
(/nix/store/2ggpvybv6px1gf4kifrc9ssk1fv3qfwj-texlive-combined-2023-texmfdist/te
x/generic/pgf/math/pgfmathfunctions.trigonometric.code.tex)
(/nix/store/2ggpvybv6px1gf4kifrc9ssk1fv3qfwj-texlive-combined-2023-texmfdist/te
x/generic/pgf/math/pgfmathfunctions.random.code.tex)
(/nix/store/2ggpvybv6px1gf4kifrc9ssk1fv3qfwj-texlive-combined-2023-texmfdist/te
x/generic/pgf/math/pgfmathfunctions.comparison.code.tex)
(/nix/store/2ggpvybv6px1gf4kifrc9ssk1fv3qfwj-texlive-combined-2023-texmfdist/te
x/generic/pgf/math/pgfmathfunctions.base.code.tex)
(/nix/store/2ggpvybv6px1gf4kifrc9ssk1fv3qfwj-texlive-combined-2023-texmfdist/te
x/generic/pgf/math/pgfmathfunctions.round.code.tex)
(/nix/store/2ggpvybv6px1gf4kifrc9ssk1fv3qfwj-texlive-combined-2023-texmfdist/te
x/generic/pgf/math/pgfmathfunctions.misc.code.tex)
(/nix/store/2ggpvybv6px1gf4kifrc9ssk1fv3qfwj-texlive-combined-2023-texmfdist/te
x/generic/pgf/math/pgfmathfunctions.integerarithmetics.code.tex)
(/nix/store/2ggpvybv6px1gf4kifrc9ssk1fv3qfwj-texlive-combined-2023-texmfdist/te
x/generic/pgf/math/pgfmathcalc.code.tex)
(/nix/store/2ggpvybv6px1gf4kifrc9ssk1fv3qfwj-texlive-combined-2023-texmfdist/te
x/generic/pgf/math/pgfmathfloat.code.tex
\c@pgfmathroundto@lastzeros=\count312
))
(/nix/store/2ggpvybv6px1gf4kifrc9ssk1fv3qfwj-texlive-combined-2023-texmfdist/te
x/generic/pgf/math/pgfint.code.tex)
(/nix/store/2ggpvybv6px1gf4kifrc9ssk1fv3qfwj-texlive-combined-2023-texmfdist/te
x/generic/pgf/basiclayer/pgfcorepoints.code.tex
File: pgfcorepoints.code.tex 2023-01-15 v3.1.10 (3.1.10)
\pgf@picminx=\dimen256
\pgf@picmaxx=\dimen257
\pgf@picminy=\dimen258
\pgf@picmaxy=\dimen259
\pgf@pathminx=\dimen260
\pgf@pathmaxx=\dimen261
\pgf@pathminy=\dimen262
\pgf@pathmaxy=\dimen263
\pgf@xx=\dimen264
\pgf@xy=\dimen265
\pgf@yx=\dimen266
\pgf@yy=\dimen267
\pgf@zx=\dimen268
\pgf@zy=\dimen269
)
(/nix/store/2ggpvybv6px1gf4kifrc9ssk1fv3qfwj-texlive-combined-2023-texmfdist/te
x/generic/pgf/basiclayer/pgfcorepathconstruct.code.tex
File: pgfcorepathconstruct.code.tex 2023-01-15 v3.1.10 (3.1.10)
\pgf@path@lastx=\dimen270
\pgf@path@lasty=\dimen271
)
(/nix/store/2ggpvybv6px1gf4kifrc9ssk1fv3qfwj-texlive-combined-2023-texmfdist/te
x/generic/pgf/basiclayer/pgfcorepathusage.code.tex
File: pgfcorepathusage.code.tex 2023-01-15 v3.1.10 (3.1.10)
\pgf@shorten@end@additional=\dimen272
\pgf@shorten@start@additional=\dimen273
)
(/nix/store/2ggpvybv6px1gf4kifrc9ssk1fv3qfwj-texlive-combined-2023-texmfdist/te
x/generic/pgf/basiclayer/pgfcorescopes.code.tex
File: pgfcorescopes.code.tex 2023-01-15 v3.1.10 (3.1.10)
\pgfpic=\box59
\pgf@hbox=\box60
\pgf@layerbox@main=\box61
\pgf@picture@serial@count=\count313
)
(/nix/store/2ggpvybv6px1gf4kifrc9ssk1fv3qfwj-texlive-combined-2023-texmfdist/te
x/generic/pgf/basiclayer/pgfcoregraphicstate.code.tex
File: pgfcoregraphicstate.code.tex 2023-01-15 v3.1.10 (3.1.10)
\pgflinewidth=\dimen274
)
(/nix/store/2ggpvybv6px1gf4kifrc9ssk1fv3qfwj-texlive-combined-2023-texmfdist/te
x/generic/pgf/basiclayer/pgfcoretransformations.code.tex
File: pgfcoretransformations.code.tex 2023-01-15 v3.1.10 (3.1.10)
\pgf@pt@x=\dimen275
\pgf@pt@y=\dimen276
\pgf@pt@temp=\dimen277
)
(/nix/store/2ggpvybv6px1gf4kifrc9ssk1fv3qfwj-texlive-combined-2023-texmfdist/te
x/generic/pgf/basiclayer/pgfcorequick.code.tex
File: pgfcorequick.code.tex 2023-01-15 v3.1.10 (3.1.10)
)
(/nix/store/2ggpvybv6px1gf4kifrc9ssk1fv3qfwj-texlive-combined-2023-texmfdist/te
x/generic/pgf/basiclayer/pgfcoreobjects.code.tex
File: pgfcoreobjects.code.tex 2023-01-15 v3.1.10 (3.1.10)
)
(/nix/store/2ggpvybv6px1gf4kifrc9ssk1fv3qfwj-texlive-combined-2023-texmfdist/te
x/generic/pgf/basiclayer/pgfcorepathprocessing.code.tex
File: pgfcorepathprocessing.code.tex 2023-01-15 v3.1.10 (3.1.10)
)
(/nix/store/2ggpvybv6px1gf4kifrc9ssk1fv3qfwj-texlive-combined-2023-texmfdist/te
x/generic/pgf/basiclayer/pgfcorearrows.code.tex
File: pgfcorearrows.code.tex 2023-01-15 v3.1.10 (3.1.10)
\pgfarrowsep=\dimen278
)
(/nix/store/2ggpvybv6px1gf4kifrc9ssk1fv3qfwj-texlive-combined-2023-texmfdist/te
x/generic/pgf/basiclayer/pgfcoreshade.code.tex
File: pgfcoreshade.code.tex 2023-01-15 v3.1.10 (3.1.10)
\pgf@max=\dimen279
\pgf@sys@shading@range@num=\count314
\pgf@shadingcount=\count315
)
(/nix/store/2ggpvybv6px1gf4kifrc9ssk1fv3qfwj-texlive-combined-2023-texmfdist/te
x/generic/pgf/basiclayer/pgfcoreimage.code.tex
File: pgfcoreimage.code.tex 2023-01-15 v3.1.10 (3.1.10)
)
(/nix/store/2ggpvybv6px1gf4kifrc9ssk1fv3qfwj-texlive-combined-2023-texmfdist/te
x/generic/pgf/basiclayer/pgfcoreexternal.code.tex
File: pgfcoreexternal.code.tex 2023-01-15 v3.1.10 (3.1.10)
\pgfexternal@startupbox=\box62
)
(/nix/store/2ggpvybv6px1gf4kifrc9ssk1fv3qfwj-texlive-combined-2023-texmfdist/te
x/generic/pgf/basiclayer/pgfcorelayers.code.tex
File: pgfcorelayers.code.tex 2023-01-15 v3.1.10 (3.1.10)
)
(/nix/store/2ggpvybv6px1gf4kifrc9ssk1fv3qfwj-texlive-combined-2023-texmfdist/te
x/generic/pgf/basiclayer/pgfcoretransparency.code.tex
File: pgfcoretransparency.code.tex 2023-01-15 v3.1.10 (3.1.10)
)
(/nix/store/2ggpvybv6px1gf4kifrc9ssk1fv3qfwj-texlive-combined-2023-texmfdist/te
x/generic/pgf/basiclayer/pgfcorepatterns.code.tex
File: pgfcorepatterns.code.tex 2023-01-15 v3.1.10 (3.1.10)
)
(/nix/store/2ggpvybv6px1gf4kifrc9ssk1fv3qfwj-texlive-combined-2023-texmfdist/te
x/generic/pgf/basiclayer/pgfcorerdf.code.tex
File: pgfcorerdf.code.tex 2023-01-15 v3.1.10 (3.1.10)
)))
(/nix/store/2ggpvybv6px1gf4kifrc9ssk1fv3qfwj-texlive-combined-2023-texmfdist/te
x/generic/pgf/modules/pgfmoduleshapes.code.tex
File: pgfmoduleshapes.code.tex 2023-01-15 v3.1.10 (3.1.10)
\pgfnodeparttextbox=\box63
)
(/nix/store/2ggpvybv6px1gf4kifrc9ssk1fv3qfwj-texlive-combined-2023-texmfdist/te
x/generic/pgf/modules/pgfmoduleplot.code.tex
File: pgfmoduleplot.code.tex 2023-01-15 v3.1.10 (3.1.10)
)
(/nix/store/2ggpvybv6px1gf4kifrc9ssk1fv3qfwj-texlive-combined-2023-texmfdist/te
x/latex/pgf/compatibility/pgfcomp-version-0-65.sty
Package: pgfcomp-version-0-65 2023-01-15 v3.1.10 (3.1.10)
\pgf@nodesepstart=\dimen280
\pgf@nodesepend=\dimen281
)
(/nix/store/2ggpvybv6px1gf4kifrc9ssk1fv3qfwj-texlive-combined-2023-texmfdist/te
x/latex/pgf/compatibility/pgfcomp-version-1-18.sty
Package: pgfcomp-version-1-18 2023-01-15 v3.1.10 (3.1.10)
))
(/nix/store/2ggpvybv6px1gf4kifrc9ssk1fv3qfwj-texlive-combined-2023-texmfdist/te
x/latex/pgf/utilities/pgffor.sty
(/nix/store/2ggpvybv6px1gf4kifrc9ssk1fv3qfwj-texlive-combined-2023-texmfdist/te
x/latex/pgf/utilities/pgfkeys.sty
(/nix/store/2ggpvybv6px1gf4kifrc9ssk1fv3qfwj-texlive-combined-2023-texmfdist/te
x/generic/pgf/utilities/pgfkeys.code.tex))
(/nix/store/2ggpvybv6px1gf4kifrc9ssk1fv3qfwj-texlive-combined-2023-texmfdist/te
x/latex/pgf/math/pgfmath.sty
(/nix/store/2ggpvybv6px1gf4kifrc9ssk1fv3qfwj-texlive-combined-2023-texmfdist/te
x/generic/pgf/math/pgfmath.code.tex))
(/nix/store/2ggpvybv6px1gf4kifrc9ssk1fv3qfwj-texlive-combined-2023-texmfdist/te
x/generic/pgf/utilities/pgffor.code.tex
Package: pgffor 2023-01-15 v3.1.10 (3.1.10)
\pgffor@iter=\dimen282
\pgffor@skip=\dimen283
\pgffor@stack=\toks51
\pgffor@toks=\toks52
))
(/nix/store/2ggpvybv6px1gf4kifrc9ssk1fv3qfwj-texlive-combined-2023-texmfdist/te
x/generic/pgf/frontendlayer/tikz/tikz.code.tex
Package: tikz 2023-01-15 v3.1.10 (3.1.10)

(/nix/store/2ggpvybv6px1gf4kifrc9ssk1fv3qfwj-texlive-combined-2023-texmfdist/te
x/generic/pgf/libraries/pgflibraryplothandlers.code.tex
File: pgflibraryplothandlers.code.tex 2023-01-15 v3.1.10 (3.1.10)
\pgf@plot@mark@count=\count316
\pgfplotmarksize=\dimen284
)
\tikz@lastx=\dimen285
\tikz@lasty=\dimen286
\tikz@lastxsaved=\dimen287
\tikz@lastysaved=\dimen288
\tikz@lastmovetox=\dimen289
\tikz@lastmovetoy=\dimen290
\tikzleveldistance=\dimen291
\tikzsiblingdistance=\dimen292
\tikz@figbox=\box64
\tikz@figbox@bg=\box65
\tikz@tempbox=\box66
\tikz@tempbox@bg=\box67
\tikztreelevel=\count317
\tikznumberofchildren=\count318
\tikznumberofcurrentchild=\count319
\tikz@fig@count=\count320

(/nix/store/2ggpvybv6px1gf4kifrc9ssk1fv3qfwj-texlive-combined-2023-texmfdist/te
x/generic/pgf/modules/pgfmodulematrix.code.tex
File: pgfmodulematrix.code.tex 2023-01-15 v3.1.10 (3.1.10)
\pgfmatrixcurrentrow=\count321
\pgfmatrixcurrentcolumn=\count322
\pgf@matrix@numberofcolumns=\count323
)
\tikz@expandcount=\count324

(/nix/store/2ggpvybv6px1gf4kifrc9ssk1fv3qfwj-texlive-combined-2023-texmfdist/te
x/generic/pgf/frontendlayer/tikz/libraries/tikzlibrarytopaths.code.tex
File: tikzlibrarytopaths.code.tex 2023-01-15 v3.1.10 (3.1.10)
)))
(/nix/store/2ggpvybv6px1gf4kifrc9ssk1fv3qfwj-texlive-combined-2023-texmfdist/te
x/latex/tikz-cd/tikz-cd.sty
Package: tikz-cd 2021/05/04 v1.0 Commutative diagrams with TikZ

(/nix/store/2ggpvybv6px1gf4kifrc9ssk1fv3qfwj-texlive-combined-2023-texmfdist/te
x/generic/tikz-cd/tikzlibrarycd.code.tex
(/nix/store/2ggpvybv6px1gf4kifrc9ssk1fv3qfwj-texlive-combined-2023-texmfdist/te
x/generic/pgf/frontendlayer/tikz/libraries/tikzlibrarymatrix.code.tex
File: tikzlibrarymatrix.code.tex 2023-01-15 v3.1.10 (3.1.10)
)
(/nix/store/2ggpvybv6px1gf4kifrc9ssk1fv3qfwj-texlive-combined-2023-texmfdist/te
x/generic/pgf/frontendlayer/tikz/libraries/tikzlibraryquotes.code.tex
File: tikzlibraryquotes.code.tex 2023-01-15 v3.1.10 (3.1.10)
)
(/nix/store/2ggpvybv6px1gf4kifrc9ssk1fv3qfwj-texlive-combined-2023-texmfdist/te
x/generic/pgf/libraries/pgflibraryarrows.meta.code.tex
File: pgflibraryarrows.meta.code.tex 2023-01-15 v3.1.10 (3.1.10)
\pgfarrowinset=\dimen293
\pgfarrowlength=\dimen294
\pgfarrowwidth=\dimen295
\pgfarrowlinewidth=\dimen296
)))
(/nix/store/2ggpvybv6px1gf4kifrc9ssk1fv3qfwj-texlive-combined-2023-texmfdist/te
x/generic/pgf/frontendlayer/tikz/libraries/tikzlibrarybabel.code.tex
File: tikzlibrarybabel.code.tex 2023-01-15 v3.1.10 (3.1.10)
)
(/nix/store/2ggpvybv6px1gf4kifrc9ssk1fv3qfwj-texlive-combined-2023-texmfdist/te
x/latex/caption/caption.sty
Package: caption 2023/08/05 v3.6o Customizing captions (AR)

(/nix/store/2ggpvybv6px1gf4kifrc9ssk1fv3qfwj-texlive-combined-2023-texmfdist/te
x/latex/caption/caption3.sty
Package: caption3 2023/07/31 v2.4d caption3 kernel (AR)
\caption@tempdima=\dimen297
\captionmargin=\dimen298
\caption@leftmargin=\dimen299
\caption@rightmargin=\dimen300
\caption@width=\dimen301
\caption@indent=\dimen302
\caption@parindent=\dimen303
\caption@hangindent=\dimen304
Package caption Info: Standard document class detected.
)
\c@caption@flags=\count325
\c@continuedfloat=\count326
Package caption Info: hyperref package is loaded.
)
(/nix/store/2ggpvybv6px1gf4kifrc9ssk1fv3qfwj-texlive-combined-2023-texmfdist/te
x/latex/caption/subcaption.sty
Package: subcaption 2023/07/28 v1.6b Sub-captions (AR)
Package caption Info: New subtype `subfigure' on input line 238.
\c@subfigure=\count327
Package caption Info: New subtype `subtable' on input line 238.
\c@subtable=\count328
)
(/nix/store/2ggpvybv6px1gf4kifrc9ssk1fv3qfwj-texlive-combined-2023-texmfdist/te
x/latex/wrapfig/wrapfig.sty
\wrapoverhang=\dimen305
\WF@size=\dimen306
\c@WF@wrappedlines=\count329
\WF@box=\box68
\WF@everypar=\toks53
Package: wrapfig 2003/01/31  v 3.6
)
(/nix/store/2ggpvybv6px1gf4kifrc9ssk1fv3qfwj-texlive-combined-2023-texmfdist/te
x/latex/xifthen/xifthen.sty
Package: xifthen 2015/11/05 v1.4.0 Extended ifthen features

(/nix/store/2ggpvybv6px1gf4kifrc9ssk1fv3qfwj-texlive-combined-2023-texmfdist/te
x/latex/ifmtarg/ifmtarg.sty
Package: ifmtarg 2018/04/16 v1.2b check for an empty argument
))
(/nix/store/2ggpvybv6px1gf4kifrc9ssk1fv3qfwj-texlive-combined-2023-texmfdist/te
x/latex/transparent/transparent.sty
Package: transparent 2022-10-27 v1.5 Transparency with color stacks

(/nix/store/2ggpvybv6px1gf4kifrc9ssk1fv3qfwj-texlive-combined-2023-texmfdist/te
x/latex/transparent/transparent-nometadata.sty
Package: transparent-nometadata 2022-10-27 v1.5 Transparency via pdfTeX's color
 stack (HO)
))))
\c@problem=\count330
\c@lemma=\count331

(/nix/store/2ggpvybv6px1gf4kifrc9ssk1fv3qfwj-texlive-combined-2023-texmfdist/te
x/latex/tex-gyre/tgschola.sty
Package: tgschola 2009/09/27 v1.2 TeX Gyre Schola as default roman family
)
(/nix/store/2ggpvybv6px1gf4kifrc9ssk1fv3qfwj-texlive-combined-2023-texmfdist/te
x/latex/fancyhdr/fancyhdr.sty
Package: fancyhdr 2022/11/09 v4.1 Extensive control of page headers and footers

\f@nch@headwidth=\skip63
\f@nch@O@elh=\skip64
\f@nch@O@erh=\skip65
\f@nch@O@olh=\skip66
\f@nch@O@orh=\skip67
\f@nch@O@elf=\skip68
\f@nch@O@erf=\skip69
\f@nch@O@olf=\skip70
\f@nch@O@orf=\skip71
)
(/nix/store/2ggpvybv6px1gf4kifrc9ssk1fv3qfwj-texlive-combined-2023-texmfdist/te
x/latex/tools/tabularx.sty
Package: tabularx 2023/07/08 v2.11c `tabularx' package (DPC)

(/nix/store/2ggpvybv6px1gf4kifrc9ssk1fv3qfwj-texlive-combined-2023-texmfdist/te
x/latex/tools/array.sty
Package: array 2023/10/16 v2.5g Tabular extension package (FMi)
\col@sep=\dimen307
\ar@mcellbox=\box69
\extrarowheight=\dimen308
\NC@list=\toks54
\extratabsurround=\skip72
\backup@length=\skip73
\ar@cellbox=\box70
)
\TX@col@width=\dimen309
\TX@old@table=\dimen310
\TX@old@col=\dimen311
\TX@target=\dimen312
\TX@delta=\dimen313
\TX@cols=\count332
\TX@ftn=\toks55
))
LaTeX Font Info:    Trying to load font information for OT1+qcs on input line 3
.

(/nix/store/2ggpvybv6px1gf4kifrc9ssk1fv3qfwj-texlive-combined-2023-texmfdist/te
x/latex/tex-gyre/ot1qcs.fd
File: ot1qcs.fd 2009/09/25 v1.2 font definition file for OT1/qcs
) (.aux/main.aux)
\openout1 = `main.aux'.

LaTeX Font Info:    Checking defaults for OML/cmm/m/it on input line 3.
LaTeX Font Info:    ... okay on input line 3.
LaTeX Font Info:    Checking defaults for OMS/cmsy/m/n on input line 3.
LaTeX Font Info:    ... okay on input line 3.
LaTeX Font Info:    Checking defaults for OT1/cmr/m/n on input line 3.
LaTeX Font Info:    ... okay on input line 3.
LaTeX Font Info:    Checking defaults for T1/cmr/m/n on input line 3.
LaTeX Font Info:    ... okay on input line 3.
LaTeX Font Info:    Checking defaults for TS1/cmr/m/n on input line 3.
LaTeX Font Info:    ... okay on input line 3.
LaTeX Font Info:    Checking defaults for OMX/cmex/m/n on input line 3.
LaTeX Font Info:    ... okay on input line 3.
LaTeX Font Info:    Checking defaults for U/cmr/m/n on input line 3.
LaTeX Font Info:    ... okay on input line 3.
LaTeX Font Info:    Checking defaults for PD1/pdf/m/n on input line 3.
LaTeX Font Info:    ... okay on input line 3.
LaTeX Font Info:    Checking defaults for PU/pdf/m/n on input line 3.
LaTeX Font Info:    ... okay on input line 3.
Package hyperref Info: Link coloring ON on input line 3.

(/nix/store/2ggpvybv6px1gf4kifrc9ssk1fv3qfwj-texlive-combined-2023-texmfdist/te
x/context/base/mkii/supp-pdf.mkii
[Loading MPS to PDF converter (version 2006.09.02).]
\scratchcounter=\count333
\scratchdimen=\dimen314
\scratchbox=\box71
\nofMPsegments=\count334
\nofMParguments=\count335
\everyMPshowfont=\toks56
\MPscratchCnt=\count336
\MPscratchDim=\dimen315
\MPnumerator=\count337
\makeMPintoPDFobject=\count338
\everyMPtoPDFconversion=\toks57
)
(/nix/store/2ggpvybv6px1gf4kifrc9ssk1fv3qfwj-texlive-combined-2023-texmfdist/te
x/latex/epstopdf-pkg/epstopdf-base.sty
Package: epstopdf-base 2020-01-24 v2.11 Base part for package epstopdf
Package epstopdf-base Info: Redefining graphics rule for `.eps' on input line 4
85.

(/nix/store/2ggpvybv6px1gf4kifrc9ssk1fv3qfwj-texlive-combined-2023-texmfdist/te
x/latex/latexconfig/epstopdf-sys.cfg
File: epstopdf-sys.cfg 2010/07/13 v1.3 Configuration of (r)epstopdf for TeX Liv
e
))
(/nix/store/2ggpvybv6px1gf4kifrc9ssk1fv3qfwj-texlive-combined-2023-texmfdist/te
x/latex/pdflscape/pdflscape.sty
Package: pdflscape 2022-10-27 v0.13 Display of landscape pages in PDF

(/nix/store/2ggpvybv6px1gf4kifrc9ssk1fv3qfwj-texlive-combined-2023-texmfdist/te
x/latex/pdflscape/pdflscape-nometadata.sty
Package: pdflscape-nometadata 2022-10-28 v0.13 Display of landscape pages in PD
F (HO)

(/nix/store/2ggpvybv6px1gf4kifrc9ssk1fv3qfwj-texlive-combined-2023-texmfdist/te
x/latex/graphics/lscape.sty
Package: lscape 2020/05/28 v3.02 Landscape Pages (DPC)
)
Package pdflscape Info: Auto-detected driver: pdftex on input line 81.
))
*geometry* driver: auto-detecting
*geometry* detected driver: pdftex
*geometry* verbose mode - [ preamble ] result:
* driver: pdftex
* paper: a4paper
* layout: <same size as paper>
* layoutoffset:(h,v)=(0.0pt,0.0pt)
* modes: 
* h-part:(L,W,R)=(50.58878pt, 496.33032pt, 50.58878pt)
* v-part:(T,H,B)=(72.26999pt, 700.50687pt, 72.26999pt)
* \paperwidth=597.50787pt
* \paperheight=845.04684pt
* \textwidth=496.33032pt
* \textheight=700.50687pt
* \oddsidemargin=-21.68121pt
* \evensidemargin=-21.68121pt
* \topmargin=-37.0pt
* \headheight=14.49998pt
* \headsep=25.0pt
* \topskip=12.0pt
* \footskip=30.0pt
* \marginparwidth=35.0pt
* \marginparsep=10.0pt
* \columnsep=10.0pt
* \skip\footins=10.8pt plus 4.0pt minus 2.0pt
* \hoffset=0.0pt
* \voffset=0.0pt
* \mag=1000
* \@twocolumnfalse
* \@twosidefalse
* \@mparswitchfalse
* \@reversemarginfalse
* (1in=72.27pt=25.4mm, 1cm=28.453pt)

Package caption Info: Begin \AtBeginDocument code.
Package caption Info: wrapfig package is loaded.
Package caption Info: End \AtBeginDocument code.

(/nix/store/2ggpvybv6px1gf4kifrc9ssk1fv3qfwj-texlive-combined-2023-texmfdist/te
x/latex/amsfonts/umsa.fd)
(/nix/store/2ggpvybv6px1gf4kifrc9ssk1fv3qfwj-texlive-combined-2023-texmfdist/te
x/latex/amsfonts/umsb.fd)
(/nix/store/2ggpvybv6px1gf4kifrc9ssk1fv3qfwj-texlive-combined-2023-texmfdist/te
x/latex/jknapltx/ursfs.fd)
Underfull \hbox (badness 10000) in alignment at lines 5--5
[] 
 []


Overfull \hbox (4.44003pt too wide) in paragraph at lines 5--6
  []
 []


Underfull \hbox (badness 10000) in paragraph at lines 5--6

 []


Overfull \hbox (5.66214pt too wide) in paragraph at lines 8--9
[][]\OT1/qcs/b/n/12 Problem 1. []\OT1/qcs/m/it/12 Let $\OML/cmm/m/it/12 S$ \OT1
/qcs/m/it/12 be a set and $\OML/cmm/m/it/12 f\U/MnSymbolC/m/n/12 ^^B \OML/cmm/m
/it/12 A \U/MnSymbolA/m/n/12 ^^@ \OML/cmm/m/it/12 B$ \OT1/qcs/m/it/12 a map fro
m $\OML/cmm/m/it/12 A$ \OT1/qcs/m/it/12 to $\OML/cmm/m/it/12 B$\OT1/qcs/m/it/12
 . De-fine $\OML/cmm/m/it/12 f[] \U/MnSymbolC/m/n/12 ^^B []\OMX/MnSymbolE/m/n/1
2 à\OML/cmm/m/it/12 B; S\OMX/MnSymbolE/m/n/12 ç \U/MnSymbolA/m/n/12 ^^@ []\OMX/
MnSymbolE/m/n/12 à\OML/cmm/m/it/12 A; S\OMX/MnSymbolE/m/n/12 ç$
 []


Overfull \hbox (11.04904pt too wide) in paragraph at lines 34--35
[]\OT1/qcs/m/n/12 Assume that $\OML/cmm/m/it/12 f$ \OT1/qcs/m/n/12 is sur-jec-t
ive. Con-sider two func-tions $\OML/cmm/m/it/12 []$ \OT1/qcs/m/n/12 and $\OML/
cmm/m/it/12 []$ \OT1/qcs/m/n/12 from $[]\OMX/MnSymbolE/m/n/12 à\OML/cmm/m/it/1
2 B; S\OMX/MnSymbolE/m/n/12 ç$\OT1/qcs/m/n/12 ,
 []

LaTeX Font Info:    Trying to load font information for TS1+qcs on input line 6
3.

(/nix/store/2ggpvybv6px1gf4kifrc9ssk1fv3qfwj-texlive-combined-2023-texmfdist/te
x/latex/tex-gyre/ts1qcs.fd
File: ts1qcs.fd 2009/09/25 v1.2 font definition file for TS1/qcs
) [1{/nix/store/53i4kdgfsqphpq78gcqwidhl84nd07ai-texlive-combined-2023/share/te
xmf-var/fonts/map/pdftex/updmap/pdftex.map}{/nix/store/2ggpvybv6px1gf4kifrc9ssk
1fv3qfwj-texlive-combined-2023-texmfdist/fonts/enc/dvips/tex-gyre/q-rm.enc}

{/nix/store/2ggpvybv6px1gf4kifrc9ssk1fv3qfwj-texlive-combined-2023-texmfdist/fo
nts/enc/dvips/mnsymbol/MnSymbolC.enc}{/nix/store/2ggpvybv6px1gf4kifrc9ssk1fv3qf
wj-texlive-combined-2023-texmfdist/fonts/enc/dvips/mnsymbol/MnSymbolA.enc}{/nix
/store/2ggpvybv6px1gf4kifrc9ssk1fv3qfwj-texlive-combined-2023-texmfdist/fonts/e
nc/dvips/mnsymbol/MnSymbolE.enc}{/nix/store/2ggpvybv6px1gf4kifrc9ssk1fv3qfwj-te
xlive-combined-2023-texmfdist/fonts/enc/dvips/mnsymbol/MnSymbolD.enc}]
Overfull \hbox (11.68706pt too wide) in paragraph at lines 102--103
[]\OT1/qcs/m/it/12 Define op-er-a-tions $\U/MnSymbolC/m/n/12 ^^T$ \OT1/qcs/m/it
/12 and $\U/MnSymbolC/m/n/12 ^^@$ \OT1/qcs/m/it/12 on $\U/msb/m/n/12 Z\OMX/MnSy
mbolE/m/n/12 ~\OML/cmm/m/it/12 n\U/msb/m/n/12 Z$ \OT1/qcs/m/it/12 such that the
 qui-tient map $\OML/cmm/m/it/12 ^^Y$ \OT1/qcs/m/it/12 sat-is-fies $\OML/cmm/m/
it/12 ^^Y\OMX/MnSymbolE/m/n/12 à\OML/cmm/m/it/12 a \U/MnSymbolC/m/n/12 ^^T \OML
/cmm/m/it/12 b\OMX/MnSymbolE/m/n/12 ç \U/MnSymbolD/m/n/12 ^^@ \OML/cmm/m/it/12 
^^Y\OMX/MnSymbolE/m/n/12 à\OML/cmm/m/it/12 a\OMX/MnSymbolE/m/n/12 ç \U/MnSymbol
C/m/n/12 ^^T \OML/cmm/m/it/12 ^^Y\OMX/MnSymbolE/m/n/12 à\OML/cmm/m/it/12 b\OMX/
MnSymbolE/m/n/12 ç$
 []

[2{/nix/store/2ggpvybv6px1gf4kifrc9ssk1fv3qfwj-texlive-combined-2023-texmfdist/
fonts/enc/dvips/tex-gyre/q-ts1.enc}] [3] [4] [5] (.aux/main.aux)
 ***********
LaTeX2e <2023-11-01> patch level 1
L3 programming layer <2024-02-20>
 ***********
 ) 
Here is how much of TeX's memory you used:
 28343 strings out of 474116
 538601 string characters out of 5723056
 1949187 words of memory out of 5000000
 50169 multiletter control sequences out of 15000+600000
 586290 words of font info for 77 fonts, out of 8000000 for 9000
 1141 hyphenation exceptions out of 8191
 106i,12n,108p,543b,774s stack positions out of 10000i,1000n,20000p,200000b,200000s
</nix/store/2ggpvybv6px1gf4kifrc9ssk1fv3qfwj-texlive-combined-2023-texmfdist/
fonts/type1/public/mnsymbol/MnSymbol12.pfb></nix/store/2ggpvybv6px1gf4kifrc9ssk
1fv3qfwj-texlive-combined-2023-texmfdist/fonts/type1/public/mnsymbol/MnSymbol8.
pfb></nix/store/2ggpvybv6px1gf4kifrc9ssk1fv3qfwj-texlive-combined-2023-texmfdis
t/fonts/type1/public/amsfonts/cm/cmmi12.pfb></nix/store/2ggpvybv6px1gf4kifrc9ss
k1fv3qfwj-texlive-combined-2023-texmfdist/fonts/type1/public/amsfonts/cm/cmmi8.
pfb></nix/store/2ggpvybv6px1gf4kifrc9ssk1fv3qfwj-texlive-combined-2023-texmfdis
t/fonts/type1/public/amsfonts/cm/cmr12.pfb></nix/store/2ggpvybv6px1gf4kifrc9ssk
1fv3qfwj-texlive-combined-2023-texmfdist/fonts/type1/public/amsfonts/cm/cmr8.pf
b></nix/store/2ggpvybv6px1gf4kifrc9ssk1fv3qfwj-texlive-combined-2023-texmfdist/
fonts/type1/public/amsfonts/symbols/msbm10.pfb></nix/store/2ggpvybv6px1gf4kifrc
9ssk1fv3qfwj-texlive-combined-2023-texmfdist/fonts/type1/public/tex-gyre/qcsb.p
fb></nix/store/2ggpvybv6px1gf4kifrc9ssk1fv3qfwj-texlive-combined-2023-texmfdist
/fonts/type1/public/tex-gyre/qcsr.pfb></nix/store/2ggpvybv6px1gf4kifrc9ssk1fv3q
fwj-texlive-combined-2023-texmfdist/fonts/type1/public/tex-gyre/qcsri.pfb>
Output written on .aux/main.pdf (5 pages, 185339 bytes).
PDF statistics:
 108 PDF objects out of 1000 (max. 8388607)
 76 compressed objects within 1 object stream
 12 named destinations out of 1000 (max. 500000)
 13 words of extra memory for PDF output out of 10000 (max. 10000000)

